============================================================
  Generated by:           Encounter(R) RTL Compiler RC14.13 - v14.10-s027_1
  Generated on:           Sep 30 2019  06:00:27 pm
  Module:                 credit_card_payment_fsm
  Technology library:     slow_vdd1v0 1.0
  Operating conditions:   PVT_0P9V_125C (balanced_tree)
  Wireload mode:          enclosed
  Area mode:              timing library
============================================================

                              
   Gate    Instances   Area       Library    
---------------------------------------------
AND2X1             1    1.368    slow_vdd1v0 
AND2XL             2    2.736    slow_vdd1v0 
AOI22X1            1    2.052    slow_vdd1v0 
AOI2BB1XL          1    2.052    slow_vdd1v0 
AOI31X1            1    2.052    slow_vdd1v0 
AOI32X1            1    2.394    slow_vdd1v0 
AOI33XL            1    2.394    slow_vdd1v0 
DFFHQX1           12   65.664    slow_vdd1v0 
DFFQXL             1    5.472    slow_vdd1v0 
INVX1             12    8.208    slow_vdd1v0 
INVXL              2    1.368    slow_vdd1v0 
MXI2XL             1    2.394    slow_vdd1v0 
NAND2BX1           4    5.472    slow_vdd1v0 
NAND2X1            8    8.208    slow_vdd1v0 
NAND2XL            1    1.026    slow_vdd1v0 
NAND3BXL           4    6.840    slow_vdd1v0 
NAND3X1            1    1.710    slow_vdd1v0 
NOR2BX1            9   12.312    slow_vdd1v0 
NOR2X1            14   14.364    slow_vdd1v0 
NOR2XL             3    3.078    slow_vdd1v0 
NOR3BX1            4    8.208    slow_vdd1v0 
NOR3X1             3    5.130    slow_vdd1v0 
NOR4BBX1           1    2.736    slow_vdd1v0 
NOR4BX1            2    4.788    slow_vdd1v0 
NOR4X1             3    5.130    slow_vdd1v0 
OAI211X1           3    5.130    slow_vdd1v0 
OAI21X1            2    3.420    slow_vdd1v0 
OAI22X1            1    2.052    slow_vdd1v0 
OAI2BB1X1          3    5.130    slow_vdd1v0 
OAI31X1            3    6.156    slow_vdd1v0 
OR2X1              1    1.368    slow_vdd1v0 
OR2XL              1    1.368    slow_vdd1v0 
OR4X1              2    4.104    slow_vdd1v0 
XNOR2X1            1    2.394    slow_vdd1v0 
---------------------------------------------
total            110  208.278                


                                    
   Type    Instances   Area  Area % 
------------------------------------
sequential        13  71.136   34.2 
inverter          14   9.576    4.6 
logic             83 127.566   61.2 
------------------------------------
total            110 208.278  100.0 

